<?xml version="1.0" encoding="UTF-8"?>
<!-- Generated by org.testng.reporters.JUnitReportReporter -->
<testsuite hostname="LAPTOP-F1RTPFD0" failures="0" tests="5" name="com.naukari.test_cases.user_side.Test_1_Naukari_Tests" time="119.572" errors="0" timestamp="2025-02-14T13:46:33 IST" skipped="0">
  <testcase classname="com.naukari.test_cases.user_side.Test_1_Naukari_Tests" name="User_login" time="27.749"/>
  <system-out/>
  <testcase classname="com.naukari.test_cases.user_side.Test_1_Naukari_Tests" name="User_login" time="20.874"/>
  <system-out/>
  <testcase classname="com.naukari.test_cases.user_side.Test_1_Naukari_Tests" name="User_login" time="30.452"/>
  <system-out/>
  <testcase classname="com.naukari.test_cases.user_side.Test_1_Naukari_Tests" name="User_login" time="19.697"/>
  <system-out/>
  <testcase classname="com.naukari.test_cases.user_side.Test_1_Naukari_Tests" name="User_login" time="20.800"/>
  <system-out/>
</testsuite> <!-- com.naukari.test_cases.user_side.Test_1_Naukari_Tests -->
