<?xml version="1.0" encoding="UTF-8"?>
<!-- Generated by org.testng.reporters.JUnitReportReporter -->
<testsuite hostname="LAPTOP-F1RTPFD0" failures="0" tests="1" name="com.naukari.test_cases.user_side.Test_1_Naukari_Tests" time="11.966" errors="0" timestamp="2025-02-14T15:44:13 IST" skipped="0">
  <testcase classname="com.naukari.test_cases.user_side.Test_1_Naukari_Tests" name="User_login" time="11.966"/>
  <system-out/>
</testsuite> <!-- com.naukari.test_cases.user_side.Test_1_Naukari_Tests -->
